\BOOKMARK [1][-]{section.1}{Introducci\363n}{}% 1
\BOOKMARK [1][-]{section.2}{Justificaci\363n}{}% 2
\BOOKMARK [1][-]{section.3}{Objetivos}{}% 3
\BOOKMARK [2][-]{section*.3}{Objetivo General}{section.3}% 4
\BOOKMARK [2][-]{section*.4}{Objetivos Espec\355ficos}{section.3}% 5
\BOOKMARK [1][-]{section.4}{Trabajos Relacionados}{}% 6
\BOOKMARK [2][-]{section*.6}{Software Comercial}{section.4}% 7
\BOOKMARK [3][-]{section*.7}{SICAS}{section.4}% 8
\BOOKMARK [3][-]{section*.8}{Insly}{section.4}% 9
\BOOKMARK [3][-]{section*.9}{Asesorestic}{section.4}% 10
\BOOKMARK [2][-]{section*.10}{Proyectos Terminales}{section.4}% 11
\BOOKMARK [3][-]{section*.11}{Gesti\363n de Informaci\363n para el Manejo de Clientes de PyMEs CRM}{section*.10}% 12
\BOOKMARK [3][-]{section*.12}{Proyecto E-File}{section*.10}% 13
\BOOKMARK [3][-]{section*.13}{Proponer mejoras en el \341rea de emisi\363n de p\363lizas de una aseguradora}{section*.10}% 14
\BOOKMARK [1][-]{section.5}{Descripci\363n T\351cnica}{}% 15
\BOOKMARK [2][-]{section*.16}{Gestionar clientes}{section.5}% 16
\BOOKMARK [2][-]{section*.17}{Gestionar p\363lizas}{section.5}% 17
\BOOKMARK [2][-]{section*.18}{Gestionar cobranza}{section.5}% 18
\BOOKMARK [2][-]{section*.19}{Gestionar renovaciones}{section.5}% 19
\BOOKMARK [2][-]{section*.20}{Gestionar formatos}{section.5}% 20
\BOOKMARK [2][-]{section*.21}{Gestionar comisiones}{section.5}% 21
\BOOKMARK [1][-]{section.6}{Especificaci\363n t\351cnica}{}% 22
\BOOKMARK [1][-]{section.7}{Cronograma de actividades}{}% 23
\BOOKMARK [1][-]{section.8}{Factibilidad}{}% 24
\BOOKMARK [1][-]{section*.25}{Referencias}{}% 25
